  ofApp.cpp
  Info: Boost.Config is older than your compiler version - probably nothing bad will happen - but you may wish to look for an update Boost version.  Define BOOST_CONFIG_SUPPRESS_OUTDATED_MESSAGE to suppress this message.
c:\of_v0.11.2_vs2017_release\apps\myapps\shaps\src\ofapp.cpp(44): warning C4018: '<': signed/unsigned mismatch
c:\of_v0.11.2_vs2017_release\apps\myapps\shaps\src\ofapp.cpp(66): warning C4018: '<': signed/unsigned mismatch
c:\of_v0.11.2_vs2017_release\apps\myapps\shaps\src\ofapp.cpp(84): warning C4018: '<': signed/unsigned mismatch
c:\of_v0.11.2_vs2017_release\apps\myapps\shaps\src\ofapp.cpp(218): warning C4018: '<': signed/unsigned mismatch
c:\of_v0.11.2_vs2017_release\apps\myapps\shaps\src\ofapp.cpp(221): warning C4018: '<': signed/unsigned mismatch
c:\of_v0.11.2_vs2017_release\apps\myapps\shaps\src\ofapp.cpp(224): warning C4018: '<': signed/unsigned mismatch
c:\of_v0.11.2_vs2017_release\apps\myapps\shaps\src\ofapp.cpp(259): warning C4018: '<': signed/unsigned mismatch
c:\of_v0.11.2_vs2017_release\apps\myapps\shaps\src\ofapp.cpp(271): warning C4018: '<': signed/unsigned mismatch
c:\of_v0.11.2_vs2017_release\apps\myapps\shaps\src\ofapp.cpp(283): warning C4018: '<': signed/unsigned mismatch
     Creating library bin\shaps_debug.lib and object bin\shaps_debug.exp
  shaps.vcxproj -> C:\of_v0.11.2_vs2017_release\apps\myApps\SHAPS\bin\shaps_debug.exe
  
  	                   2	C:\of_v0.11.2_vs2017_release\libs\fmod\lib\vs\Win32\
  	    New File  		 1544704	C:\of_v0.11.2_vs2017_release\libs\fmod\lib\vs\Win32\fmod.dll
  	    New File  		 1733120	C:\of_v0.11.2_vs2017_release\libs\fmod\lib\vs\Win32\fmodL.dll
  
  	                   1	C:\of_v0.11.2_vs2017_release\libs\FreeImage\lib\vs\Win32\
  	  *EXTRA File 		 1544704	C:\of_v0.11.2_vs2017_release\apps\myApps\SHAPS\bin\fmod.dll
  	  *EXTRA File 		 1733120	C:\of_v0.11.2_vs2017_release\apps\myApps\SHAPS\bin\fmodL.dll
  	    New File  		 6018560	C:\of_v0.11.2_vs2017_release\libs\FreeImage\lib\vs\Win32\FreeImage.dll
